<?xml version='1.0' encoding='UTF-8'?>
<testsuite hostname="martins-MacBook-Pro.local" name="com.typesafe.training.scalatrain.TimeSpec" tests="13" errors="0" failures="3" time="0.142">
                     <properties>
[...]
</properties>
                     <testcase classname="com.typesafe.training.scalatrain.TimeSpec" name="Calling fromJson should return None for an invalid json" time="0.121">
                                                 
                                               </testcase><testcase classname="com.typesafe.training.scalatrain.TimeSpec" name="Calling fromJson should return Some wrapping a properly initialized Time for a valid JsonOject" time="0.009">
                                                 
                                               </testcase><testcase classname="com.typesafe.training.scalatrain.TimeSpec" name="Calling fromJson after toJson should return Some wrapping the original Time" time="0.001">
                                                 
                                               </testcase><testcase classname="com.typesafe.training.scalatrain.TimeSpec" name="Calling isIncreasing should be true for an empty or one-element sequence" time="0.002">
                                                 <failure message="Vector(00:00) (of class scala.collection.immutable.Vector)" type="scala.MatchError">scala.MatchError: Vector(00:00) (of class scala.collection.immutable.Vector)
	at com.typesafe.training.scalatrain.Time$.isIncreasing(Time.scala:27)
	at com.typesafe.training.scalatrain.TimeSpec$$anonfun$3$$anonfun$apply$mcV$sp$4.apply$mcV$sp(TimeSpec.scala:33)
	at com.typesafe.training.scalatrain.TimeSpec$$anonfun$3$$anonfun$apply$mcV$sp$4.apply(TimeSpec.scala:31)
	at com.typesafe.training.scalatrain.TimeSpec$$anonfun$3$$anonfun$apply$mcV$sp$4.apply(TimeSpec.scala:31)
	at org.scalatest.Transformer$$anonfun$apply$1.apply$mcV$sp(Transformer.scala:22)
	at org.scalatest.OutcomeOf$class.outcomeOf(OutcomeOf.scala:85)
	at org.scalatest.OutcomeOf$.outcomeOf(OutcomeOf.scala:104)
	at org.scalatest.Transformer.apply(Transformer.scala:22)
	at org.scalatest.Transformer.apply(Transformer.scala:20)
	at org.scalatest.WordSpecLike$$anon$1.apply(WordSpecLike.scala:953)
	at org.scalatest.Suite$class.withFixture(Suite.scala:1122)
	at org.scalatest.WordSpec.withFixture(WordSpec.scala:1881)
	at org.scalatest.WordSpecLike$class.invokeWithFixture$1(WordSpecLike.scala:950)
	at org.scalatest.WordSpecLike$$anonfun$runTest$1.apply(WordSpecLike.scala:962)
	at org.scalatest.WordSpecLike$$anonfun$runTest$1.apply(WordSpecLike.scala:962)
	at org.scalatest.SuperEngine.runTestImpl(Engine.scala:306)
	at org.scalatest.WordSpecLike$class.runTest(WordSpecLike.scala:962)
	at org.scalatest.WordSpec.runTest(WordSpec.scala:1881)
	at org.scalatest.WordSpecLike$$anonfun$runTests$1.apply(WordSpecLike.scala:1021)
	at org.scalatest.WordSpecLike$$anonfun$runTests$1.apply(WordSpecLike.scala:1021)
	at org.scalatest.SuperEngine$$anonfun$traverseSubNodes$1$1.apply(Engine.scala:413)
	at org.scalatest.SuperEngine$$anonfun$traverseSubNodes$1$1.apply(Engine.scala:401)
	at scala.collection.immutable.List.foreach(List.scala:381)
	at org.scalatest.SuperEngine.traverseSubNodes$1(Engine.scala:401)
	at org.scalatest.SuperEngine.org$scalatest$SuperEngine$$runTestsInBranch(Engine.scala:390)
	at org.scalatest.SuperEngine$$anonfun$traverseSubNodes$1$1.apply(Engine.scala:427)
	at org.scalatest.SuperEngine$$anonfun$traverseSubNodes$1$1.apply(Engine.scala:401)
	at scala.collection.immutable.List.foreach(List.scala:381)
	at org.scalatest.SuperEngine.traverseSubNodes$1(Engine.scala:401)
	at org.scalatest.SuperEngine.org$scalatest$SuperEngine$$runTestsInBranch(Engine.scala:396)
	at org.scalatest.SuperEngine.runTestsImpl(Engine.scala:483)
	at org.scalatest.WordSpecLike$class.runTests(WordSpecLike.scala:1021)
	at org.scalatest.WordSpec.runTests(WordSpec.scala:1881)
	at org.scalatest.Suite$class.run(Suite.scala:1424)
	at org.scalatest.WordSpec.org$scalatest$WordSpecLike$$super$run(WordSpec.scala:1881)
	at org.scalatest.WordSpecLike$$anonfun$run$1.apply(WordSpecLike.scala:1067)
	at org.scalatest.WordSpecLike$$anonfun$run$1.apply(WordSpecLike.scala:1067)
	at org.scalatest.SuperEngine.runImpl(Engine.scala:545)
	at org.scalatest.WordSpecLike$class.run(WordSpecLike.scala:1067)
	at org.scalatest.WordSpec.run(WordSpec.scala:1881)
	at org.scalatest.tools.Framework.org$scalatest$tools$Framework$$runSuite(Framework.scala:466)
	at org.scalatest.tools.Framework$ScalaTestTask.execute(Framework.scala:677)
	at sbt.TestRunner.runTest$1(TestFramework.scala:76)
	at sbt.TestRunner.run(TestFramework.scala:85)
	at sbt.TestFramework$$anon$2$$anonfun$$init$$1$$anonfun$apply$8.apply(TestFramework.scala:202)
	at sbt.TestFramework$$anon$2$$anonfun$$init$$1$$anonfun$apply$8.apply(TestFramework.scala:202)
	at sbt.TestFramework$.sbt$TestFramework$$withContextLoader(TestFramework.scala:185)
	at sbt.TestFramework$$anon$2$$anonfun$$init$$1.apply(TestFramework.scala:202)
	at sbt.TestFramework$$anon$2$$anonfun$$init$$1.apply(TestFramework.scala:202)
	at sbt.TestFunction.apply(TestFramework.scala:207)
	at sbt.Tests$$anonfun$9.apply(Tests.scala:216)
	at sbt.Tests$$anonfun$9.apply(Tests.scala:216)
	at sbt.std.Transform$$anon$3$$anonfun$apply$2.apply(System.scala:44)
	at sbt.std.Transform$$anon$3$$anonfun$apply$2.apply(System.scala:44)
	at sbt.std.Transform$$anon$4.work(System.scala:63)
	at sbt.Execute$$anonfun$submit$1$$anonfun$apply$1.apply(Execute.scala:226)
	at sbt.Execute$$anonfun$submit$1$$anonfun$apply$1.apply(Execute.scala:226)
	at sbt.ErrorHandling$.wideConvert(ErrorHandling.scala:17)
	at sbt.Execute.work(Execute.scala:235)
	at sbt.Execute$$anonfun$submit$1.apply(Execute.scala:226)
	at sbt.Execute$$anonfun$submit$1.apply(Execute.scala:226)
	at sbt.ConcurrentRestrictions$$anon$4$$anonfun$1.apply(ConcurrentRestrictions.scala:159)
	at sbt.CompletionService$$anon$2.call(CompletionService.scala:28)
	at java.util.concurrent.FutureTask.run(FutureTask.java:266)
	at java.util.concurrent.Executors$RunnableAdapter.call(Executors.java:511)
	at java.util.concurrent.FutureTask.run(FutureTask.java:266)
	at java.util.concurrent.ThreadPoolExecutor.runWorker(ThreadPoolExecutor.java:1142)
	at java.util.concurrent.ThreadPoolExecutor$Worker.run(ThreadPoolExecutor.java:617)
	at java.lang.Thread.run(Thread.java:745)
</failure>
                                               </testcase><testcase classname="com.typesafe.training.scalatrain.TimeSpec" name="Calling isIncreasing should be false for a not strictly increasing sequence" time="0.001">
                                                 <failure message="Vector(00:00, 00:00) (of class scala.collection.immutable.Vector)" type="scala.MatchError">scala.MatchError: Vector(00:00, 00:00) (of class scala.collection.immutable.Vector)
	at com.typesafe.training.scalatrain.Time$.isIncreasing(Time.scala:27)
	at com.typesafe.training.scalatrain.TimeSpec$$anonfun$3$$anonfun$apply$mcV$sp$5.apply$mcV$sp(TimeSpec.scala:36)
	at com.typesafe.training.scalatrain.TimeSpec$$anonfun$3$$anonfun$apply$mcV$sp$5.apply(TimeSpec.scala:35)
	at com.typesafe.training.scalatrain.TimeSpec$$anonfun$3$$anonfun$apply$mcV$sp$5.apply(TimeSpec.scala:35)
	at org.scalatest.Transformer$$anonfun$apply$1.apply$mcV$sp(Transformer.scala:22)
	at org.scalatest.OutcomeOf$class.outcomeOf(OutcomeOf.scala:85)
	at org.scalatest.OutcomeOf$.outcomeOf(OutcomeOf.scala:104)
	at org.scalatest.Transformer.apply(Transformer.scala:22)
	at org.scalatest.Transformer.apply(Transformer.scala:20)
	at org.scalatest.WordSpecLike$$anon$1.apply(WordSpecLike.scala:953)
	at org.scalatest.Suite$class.withFixture(Suite.scala:1122)
	at org.scalatest.WordSpec.withFixture(WordSpec.scala:1881)
	at org.scalatest.WordSpecLike$class.invokeWithFixture$1(WordSpecLike.scala:950)
	at org.scalatest.WordSpecLike$$anonfun$runTest$1.apply(WordSpecLike.scala:962)
	at org.scalatest.WordSpecLike$$anonfun$runTest$1.apply(WordSpecLike.scala:962)
	at org.scalatest.SuperEngine.runTestImpl(Engine.scala:306)
	at org.scalatest.WordSpecLike$class.runTest(WordSpecLike.scala:962)
	at org.scalatest.WordSpec.runTest(WordSpec.scala:1881)
	at org.scalatest.WordSpecLike$$anonfun$runTests$1.apply(WordSpecLike.scala:1021)
	at org.scalatest.WordSpecLike$$anonfun$runTests$1.apply(WordSpecLike.scala:1021)
	at org.scalatest.SuperEngine$$anonfun$traverseSubNodes$1$1.apply(Engine.scala:413)
	at org.scalatest.SuperEngine$$anonfun$traverseSubNodes$1$1.apply(Engine.scala:401)
	at scala.collection.immutable.List.foreach(List.scala:381)
	at org.scalatest.SuperEngine.traverseSubNodes$1(Engine.scala:401)
	at org.scalatest.SuperEngine.org$scalatest$SuperEngine$$runTestsInBranch(Engine.scala:390)
	at org.scalatest.SuperEngine$$anonfun$traverseSubNodes$1$1.apply(Engine.scala:427)
	at org.scalatest.SuperEngine$$anonfun$traverseSubNodes$1$1.apply(Engine.scala:401)
	at scala.collection.immutable.List.foreach(List.scala:381)
	at org.scalatest.SuperEngine.traverseSubNodes$1(Engine.scala:401)
	at org.scalatest.SuperEngine.org$scalatest$SuperEngine$$runTestsInBranch(Engine.scala:396)
	at org.scalatest.SuperEngine.runTestsImpl(Engine.scala:483)
	at org.scalatest.WordSpecLike$class.runTests(WordSpecLike.scala:1021)
	at org.scalatest.WordSpec.runTests(WordSpec.scala:1881)
	at org.scalatest.Suite$class.run(Suite.scala:1424)
	at org.scalatest.WordSpec.org$scalatest$WordSpecLike$$super$run(WordSpec.scala:1881)
	at org.scalatest.WordSpecLike$$anonfun$run$1.apply(WordSpecLike.scala:1067)
	at org.scalatest.WordSpecLike$$anonfun$run$1.apply(WordSpecLike.scala:1067)
	at org.scalatest.SuperEngine.runImpl(Engine.scala:545)
	at org.scalatest.WordSpecLike$class.run(WordSpecLike.scala:1067)
	at org.scalatest.WordSpec.run(WordSpec.scala:1881)
	at org.scalatest.tools.Framework.org$scalatest$tools$Framework$$runSuite(Framework.scala:466)
	at org.scalatest.tools.Framework$ScalaTestTask.execute(Framework.scala:677)
	at sbt.TestRunner.runTest$1(TestFramework.scala:76)
	at sbt.TestRunner.run(TestFramework.scala:85)
	at sbt.TestFramework$$anon$2$$anonfun$$init$$1$$anonfun$apply$8.apply(TestFramework.scala:202)
	at sbt.TestFramework$$anon$2$$anonfun$$init$$1$$anonfun$apply$8.apply(TestFramework.scala:202)
	at sbt.TestFramework$.sbt$TestFramework$$withContextLoader(TestFramework.scala:185)
	at sbt.TestFramework$$anon$2$$anonfun$$init$$1.apply(TestFramework.scala:202)
	at sbt.TestFramework$$anon$2$$anonfun$$init$$1.apply(TestFramework.scala:202)
	at sbt.TestFunction.apply(TestFramework.scala:207)
	at sbt.Tests$$anonfun$9.apply(Tests.scala:216)
	at sbt.Tests$$anonfun$9.apply(Tests.scala:216)
	at sbt.std.Transform$$anon$3$$anonfun$apply$2.apply(System.scala:44)
	at sbt.std.Transform$$anon$3$$anonfun$apply$2.apply(System.scala:44)
	at sbt.std.Transform$$anon$4.work(System.scala:63)
	at sbt.Execute$$anonfun$submit$1$$anonfun$apply$1.apply(Execute.scala:226)
	at sbt.Execute$$anonfun$submit$1$$anonfun$apply$1.apply(Execute.scala:226)
	at sbt.ErrorHandling$.wideConvert(ErrorHandling.scala:17)
	at sbt.Execute.work(Execute.scala:235)
	at sbt.Execute$$anonfun$submit$1.apply(Execute.scala:226)
	at sbt.Execute$$anonfun$submit$1.apply(Execute.scala:226)
	at sbt.ConcurrentRestrictions$$anon$4$$anonfun$1.apply(ConcurrentRestrictions.scala:159)
	at sbt.CompletionService$$anon$2.call(CompletionService.scala:28)
	at java.util.concurrent.FutureTask.run(FutureTask.java:266)
	at java.util.concurrent.Executors$RunnableAdapter.call(Executors.java:511)
	at java.util.concurrent.FutureTask.run(FutureTask.java:266)
	at java.util.concurrent.ThreadPoolExecutor.runWorker(ThreadPoolExecutor.java:1142)
	at java.util.concurrent.ThreadPoolExecutor$Worker.run(ThreadPoolExecutor.java:617)
	at java.lang.Thread.run(Thread.java:745)
</failure>
                                               </testcase><testcase classname="com.typesafe.training.scalatrain.TimeSpec" name="Calling isIncreasing should be true for a strictly increasing sequence" time="0.001">
                                                 <failure message="Vector(01:00, 02:00) (of class scala.collection.immutable.Vector)" type="scala.MatchError">scala.MatchError: Vector(01:00, 02:00) (of class scala.collection.immutable.Vector)
	at com.typesafe.training.scalatrain.Time$.isIncreasing(Time.scala:27)
	at com.typesafe.training.scalatrain.TimeSpec$$anonfun$3$$anonfun$apply$mcV$sp$6.apply$mcV$sp(TimeSpec.scala:40)
	at com.typesafe.training.scalatrain.TimeSpec$$anonfun$3$$anonfun$apply$mcV$sp$6.apply(TimeSpec.scala:39)
	at com.typesafe.training.scalatrain.TimeSpec$$anonfun$3$$anonfun$apply$mcV$sp$6.apply(TimeSpec.scala:39)
	at org.scalatest.Transformer$$anonfun$apply$1.apply$mcV$sp(Transformer.scala:22)
	at org.scalatest.OutcomeOf$class.outcomeOf(OutcomeOf.scala:85)
	at org.scalatest.OutcomeOf$.outcomeOf(OutcomeOf.scala:104)
	at org.scalatest.Transformer.apply(Transformer.scala:22)
	at org.scalatest.Transformer.apply(Transformer.scala:20)
	at org.scalatest.WordSpecLike$$anon$1.apply(WordSpecLike.scala:953)
	at org.scalatest.Suite$class.withFixture(Suite.scala:1122)
	at org.scalatest.WordSpec.withFixture(WordSpec.scala:1881)
	at org.scalatest.WordSpecLike$class.invokeWithFixture$1(WordSpecLike.scala:950)
	at org.scalatest.WordSpecLike$$anonfun$runTest$1.apply(WordSpecLike.scala:962)
	at org.scalatest.WordSpecLike$$anonfun$runTest$1.apply(WordSpecLike.scala:962)
	at org.scalatest.SuperEngine.runTestImpl(Engine.scala:306)
	at org.scalatest.WordSpecLike$class.runTest(WordSpecLike.scala:962)
	at org.scalatest.WordSpec.runTest(WordSpec.scala:1881)
	at org.scalatest.WordSpecLike$$anonfun$runTests$1.apply(WordSpecLike.scala:1021)
	at org.scalatest.WordSpecLike$$anonfun$runTests$1.apply(WordSpecLike.scala:1021)
	at org.scalatest.SuperEngine$$anonfun$traverseSubNodes$1$1.apply(Engine.scala:413)
	at org.scalatest.SuperEngine$$anonfun$traverseSubNodes$1$1.apply(Engine.scala:401)
	at scala.collection.immutable.List.foreach(List.scala:381)
	at org.scalatest.SuperEngine.traverseSubNodes$1(Engine.scala:401)
	at org.scalatest.SuperEngine.org$scalatest$SuperEngine$$runTestsInBranch(Engine.scala:390)
	at org.scalatest.SuperEngine$$anonfun$traverseSubNodes$1$1.apply(Engine.scala:427)
	at org.scalatest.SuperEngine$$anonfun$traverseSubNodes$1$1.apply(Engine.scala:401)
	at scala.collection.immutable.List.foreach(List.scala:381)
	at org.scalatest.SuperEngine.traverseSubNodes$1(Engine.scala:401)
	at org.scalatest.SuperEngine.org$scalatest$SuperEngine$$runTestsInBranch(Engine.scala:396)
	at org.scalatest.SuperEngine.runTestsImpl(Engine.scala:483)
	at org.scalatest.WordSpecLike$class.runTests(WordSpecLike.scala:1021)
	at org.scalatest.WordSpec.runTests(WordSpec.scala:1881)
	at org.scalatest.Suite$class.run(Suite.scala:1424)
	at org.scalatest.WordSpec.org$scalatest$WordSpecLike$$super$run(WordSpec.scala:1881)
	at org.scalatest.WordSpecLike$$anonfun$run$1.apply(WordSpecLike.scala:1067)
	at org.scalatest.WordSpecLike$$anonfun$run$1.apply(WordSpecLike.scala:1067)
	at org.scalatest.SuperEngine.runImpl(Engine.scala:545)
	at org.scalatest.WordSpecLike$class.run(WordSpecLike.scala:1067)
	at org.scalatest.WordSpec.run(WordSpec.scala:1881)
	at org.scalatest.tools.Framework.org$scalatest$tools$Framework$$runSuite(Framework.scala:466)
	at org.scalatest.tools.Framework$ScalaTestTask.execute(Framework.scala:677)
	at sbt.TestRunner.runTest$1(TestFramework.scala:76)
	at sbt.TestRunner.run(TestFramework.scala:85)
	at sbt.TestFramework$$anon$2$$anonfun$$init$$1$$anonfun$apply$8.apply(TestFramework.scala:202)
	at sbt.TestFramework$$anon$2$$anonfun$$init$$1$$anonfun$apply$8.apply(TestFramework.scala:202)
	at sbt.TestFramework$.sbt$TestFramework$$withContextLoader(TestFramework.scala:185)
	at sbt.TestFramework$$anon$2$$anonfun$$init$$1.apply(TestFramework.scala:202)
	at sbt.TestFramework$$anon$2$$anonfun$$init$$1.apply(TestFramework.scala:202)
	at sbt.TestFunction.apply(TestFramework.scala:207)
	at sbt.Tests$$anonfun$9.apply(Tests.scala:216)
	at sbt.Tests$$anonfun$9.apply(Tests.scala:216)
	at sbt.std.Transform$$anon$3$$anonfun$apply$2.apply(System.scala:44)
	at sbt.std.Transform$$anon$3$$anonfun$apply$2.apply(System.scala:44)
	at sbt.std.Transform$$anon$4.work(System.scala:63)
	at sbt.Execute$$anonfun$submit$1$$anonfun$apply$1.apply(Execute.scala:226)
	at sbt.Execute$$anonfun$submit$1$$anonfun$apply$1.apply(Execute.scala:226)
	at sbt.ErrorHandling$.wideConvert(ErrorHandling.scala:17)
	at sbt.Execute.work(Execute.scala:235)
	at sbt.Execute$$anonfun$submit$1.apply(Execute.scala:226)
	at sbt.Execute$$anonfun$submit$1.apply(Execute.scala:226)
	at sbt.ConcurrentRestrictions$$anon$4$$anonfun$1.apply(ConcurrentRestrictions.scala:159)
	at sbt.CompletionService$$anon$2.call(CompletionService.scala:28)
	at java.util.concurrent.FutureTask.run(FutureTask.java:266)
	at java.util.concurrent.Executors$RunnableAdapter.call(Executors.java:511)
	at java.util.concurrent.FutureTask.run(FutureTask.java:266)
	at java.util.concurrent.ThreadPoolExecutor.runWorker(ThreadPoolExecutor.java:1142)
	at java.util.concurrent.ThreadPoolExecutor$Worker.run(ThreadPoolExecutor.java:617)
	at java.lang.Thread.run(Thread.java:745)
</failure>
                                               </testcase><testcase classname="com.typesafe.training.scalatrain.TimeSpec" name="Creating a Time should throw an IllegalArgumentException for hours not within 0 and 23" time="0.003">
                                                 
                                               </testcase><testcase classname="com.typesafe.training.scalatrain.TimeSpec" name="Creating a Time should throw an IllegalArgumentException for minutes not within 0 and 59" time="0.002">
                                                 
                                               </testcase><testcase classname="com.typesafe.training.scalatrain.TimeSpec" name="The default arguments for hours and minutes should be equal to 0" time="0.001">
                                                 
                                               </testcase><testcase classname="com.typesafe.training.scalatrain.TimeSpec" name="asMinutes should be initialized correctly" time="0.0">
                                                 
                                               </testcase><testcase classname="com.typesafe.training.scalatrain.TimeSpec" name="Calling minus or - should return the correct difference in minutes" time="0.0">
                                                 
                                               </testcase><testcase classname="com.typesafe.training.scalatrain.TimeSpec" name="Calling toString should return a properly formatted string representation" time="0.001">
                                                 
                                               </testcase><testcase classname="com.typesafe.training.scalatrain.TimeSpec" name="Calling Ordered operators should work as expected" time="0.0">
                                                 
                                               </testcase>
                     <system-out></system-out>
                     <system-err></system-err>
                   </testsuite>